
*** Running vivado
    with args -log top.vds -m64 -product Vivado -mode batch -messageDb vivado.pb -notrace -source top.tcl



****** Vivado v2022.2 (64-bit)
  **** SW Build 3671981 on Fri Oct 14 05:00:03 MDT 2022
  **** IP Build 3669848 on Fri Oct 14 08:30:02 MDT 2022
    ** Copyright 1986-2022 Xilinx, Inc. All Rights Reserved.

source top.tcl -notrace
Command: read_checkpoint -auto_incremental -incremental E:/project/xilinx/cunchuqi/project_2.srcs/utils_1/imports/synth_1/top.dcp
INFO: [Vivado 12-5825] Read reference checkpoint from E:/project/xilinx/cunchuqi/project_2.srcs/utils_1/imports/synth_1/top.dcp for incremental synthesis
INFO: [Vivado 12-7989] Please ensure there are no constraint changes
Command: synth_design -top top -part xc7a100tfgg484-2L
Starting synth_design
Attempting to get a license for feature 'Synthesis' and/or device 'xc7a100t'
INFO: [Common 17-349] Got license for feature 'Synthesis' and/or device 'xc7a100t'
INFO: [Device 21-403] Loading part xc7a100tfgg484-2L
INFO: [Designutils 20-5440] No compile time benefit to using incremental synthesis; A full resynthesis will be run
INFO: [Designutils 20-4379] Flow is switching to default flow due to incremental criteria not met. If you would like to alter this behaviour and have the flow terminate instead, please set the following parameter config_implementation {autoIncr.Synth.RejectBehavior Terminate}
INFO: [Synth 8-7079] Multithreading enabled for synth_design using a maximum of 2 processes.
INFO: [Synth 8-7078] Launching helper process for spawning children vivado processes
INFO: [Synth 8-7075] Helper process launched with PID 16904
INFO: [Synth 8-11241] undeclared symbol 'REGCCE', assumed default net type 'wire' [E:/app/xilinx/Vivado/2022.2/data/verilog/src/unimacro/BRAM_SINGLE_MACRO.v:2170]
---------------------------------------------------------------------------------
Starting RTL Elaboration : Time (s): cpu = 00:00:00 ; elapsed = 00:00:04 . Memory (MB): peak = 1841.836 ; gain = 410.609
---------------------------------------------------------------------------------
INFO: [Synth 8-6157] synthesizing module 'top' [E:/project/xilinx/cunchuqi/project_2.srcs/sources_1/new/top.v:23]
INFO: [Synth 8-6157] synthesizing module 'cunchuqi' [E:/project/xilinx/cunchuqi/project_2.srcs/sources_1/new/cunchuqi.v:23]
INFO: [Synth 8-6157] synthesizing module 'RAM_B' [E:/project/xilinx/cunchuqi/project_2.runs/synth_1/.Xil/Vivado-35224-DESKTOP-JOMNG4A/realtime/RAM_B_stub.v:5]
INFO: [Synth 8-6155] done synthesizing module 'RAM_B' (0#1) [E:/project/xilinx/cunchuqi/project_2.runs/synth_1/.Xil/Vivado-35224-DESKTOP-JOMNG4A/realtime/RAM_B_stub.v:5]
INFO: [Synth 8-226] default block is never used [E:/project/xilinx/cunchuqi/project_2.srcs/sources_1/new/cunchuqi.v:39]
INFO: [Synth 8-6155] done synthesizing module 'cunchuqi' (0#1) [E:/project/xilinx/cunchuqi/project_2.srcs/sources_1/new/cunchuqi.v:23]
INFO: [Synth 8-6157] synthesizing module 'tube' [E:/project/xilinx/cunchuqi/project_2.srcs/sources_1/new/tube.v:23]
INFO: [Synth 8-6155] done synthesizing module 'tube' (0#1) [E:/project/xilinx/cunchuqi/project_2.srcs/sources_1/new/tube.v:23]
INFO: [Synth 8-6155] done synthesizing module 'top' (0#1) [E:/project/xilinx/cunchuqi/project_2.srcs/sources_1/new/top.v:23]
WARNING: [Synth 8-7129] Port DM_Addr[1] in module cunchuqi is either unconnected or has no load
WARNING: [Synth 8-7129] Port DM_Addr[0] in module cunchuqi is either unconnected or has no load
---------------------------------------------------------------------------------
Finished RTL Elaboration : Time (s): cpu = 00:00:00 ; elapsed = 00:00:05 . Memory (MB): peak = 1934.172 ; gain = 502.945
---------------------------------------------------------------------------------
---------------------------------------------------------------------------------
Start Handling Custom Attributes
---------------------------------------------------------------------------------
---------------------------------------------------------------------------------
Finished Handling Custom Attributes : Time (s): cpu = 00:00:00 ; elapsed = 00:00:05 . Memory (MB): peak = 1934.172 ; gain = 502.945
---------------------------------------------------------------------------------
---------------------------------------------------------------------------------
Finished RTL Optimization Phase 1 : Time (s): cpu = 00:00:00 ; elapsed = 00:00:05 . Memory (MB): peak = 1934.172 ; gain = 502.945
---------------------------------------------------------------------------------
Netlist sorting complete. Time (s): cpu = 00:00:00 ; elapsed = 00:00:00.001 . Memory (MB): peak = 1934.172 ; gain = 0.000
INFO: [Project 1-570] Preparing netlist for logic optimization

Processing XDC Constraints
Initializing timing engine
Parsing XDC File [e:/project/xilinx/cunchuqi/project_2.gen/sources_1/ip/RAM_B/RAM_B/RAM_B_in_context.xdc] for cell 'ccq/Data_RAM'
Finished Parsing XDC File [e:/project/xilinx/cunchuqi/project_2.gen/sources_1/ip/RAM_B/RAM_B/RAM_B_in_context.xdc] for cell 'ccq/Data_RAM'
Parsing XDC File [E:/project/xilinx/cunchuqi/project_2.srcs/constrs_1/new/top.xdc]
WARNING: [Vivado 12-507] No nets matched 'clk_dm_IBUF'. [E:/project/xilinx/cunchuqi/project_2.srcs/constrs_1/new/top.xdc:21]
WARNING: [Vivado 12-507] No nets matched 'rst_n_IBUF'. [E:/project/xilinx/cunchuqi/project_2.srcs/constrs_1/new/top.xdc:24]
WARNING: [Vivado 12-507] No nets matched 'clk_IBUF'. [E:/project/xilinx/cunchuqi/project_2.srcs/constrs_1/new/top.xdc:43]
Finished Parsing XDC File [E:/project/xilinx/cunchuqi/project_2.srcs/constrs_1/new/top.xdc]
WARNING: [Project 1-498] One or more constraints failed evaluation while reading constraint file [E:/project/xilinx/cunchuqi/project_2.srcs/constrs_1/new/top.xdc] and the design contains unresolved black boxes. These constraints will be read post-synthesis (as long as their source constraint file is marked as used_in_implementation) and should be applied correctly then. You should review the constraints listed in the file [.Xil/top_propImpl.xdc] and check the run log file to verify that these constraints were correctly applied.
INFO: [Project 1-236] Implementation specific constraints were found while reading constraint file [E:/project/xilinx/cunchuqi/project_2.srcs/constrs_1/new/top.xdc]. These constraints will be ignored for synthesis but will be used in implementation. Impacted constraints are listed in the file [.Xil/top_propImpl.xdc].
Resolution: To avoid this warning, move constraints listed in [.Xil/top_propImpl.xdc] to another XDC file and exclude this new file from synthesis with the used_in_synthesis property (File Properties dialog in GUI) and re-run elaboration/synthesis.
Completed Processing XDC Constraints

Netlist sorting complete. Time (s): cpu = 00:00:00 ; elapsed = 00:00:00 . Memory (MB): peak = 1960.105 ; gain = 0.000
INFO: [Project 1-111] Unisim Transformation Summary:
No Unisim elements were transformed.

Constraint Validation Runtime : Time (s): cpu = 00:00:00 ; elapsed = 00:00:00.001 . Memory (MB): peak = 1960.105 ; gain = 0.000
INFO: [Designutils 20-5440] No compile time benefit to using incremental synthesis; A full resynthesis will be run
INFO: [Designutils 20-4379] Flow is switching to default flow due to incremental criteria not met. If you would like to alter this behaviour and have the flow terminate instead, please set the following parameter config_implementation {autoIncr.Synth.RejectBehavior Terminate}
INFO: [Synth 8-11241] undeclared symbol 'REGCCE', assumed default net type 'wire' [E:/app/xilinx/Vivado/2022.2/data/verilog/src/unimacro/BRAM_SINGLE_MACRO.v:2170]
---------------------------------------------------------------------------------
Finished Constraint Validation : Time (s): cpu = 00:00:00 ; elapsed = 00:00:11 . Memory (MB): peak = 1960.105 ; gain = 528.879
---------------------------------------------------------------------------------
---------------------------------------------------------------------------------
Start Loading Part and Timing Information
---------------------------------------------------------------------------------
Loading part: xc7a100tfgg484-2L
---------------------------------------------------------------------------------
Finished Loading Part and Timing Information : Time (s): cpu = 00:00:00 ; elapsed = 00:00:11 . Memory (MB): peak = 1960.105 ; gain = 528.879
---------------------------------------------------------------------------------
---------------------------------------------------------------------------------
Start Applying 'set_property' XDC Constraints
---------------------------------------------------------------------------------
Applied set_property KEEP_HIERARCHY = SOFT for ccq/Data_RAM. (constraint file  auto generated constraint).
---------------------------------------------------------------------------------
Finished applying 'set_property' XDC Constraints : Time (s): cpu = 00:00:00 ; elapsed = 00:00:11 . Memory (MB): peak = 1960.105 ; gain = 528.879
---------------------------------------------------------------------------------
---------------------------------------------------------------------------------
Finished RTL Optimization Phase 2 : Time (s): cpu = 00:00:00 ; elapsed = 00:00:11 . Memory (MB): peak = 1960.105 ; gain = 528.879
---------------------------------------------------------------------------------
---------------------------------------------------------------------------------
Start RTL Component Statistics 
---------------------------------------------------------------------------------
Detailed RTL Component Info : 
+---Adders : 
	   2 Input   10 Bit       Adders := 1     
	   2 Input    3 Bit       Adders := 1     
+---Registers : 
	               10 Bit    Registers := 1     
	                3 Bit    Registers := 1     
+---Muxes : 
	   4 Input   31 Bit        Muxes := 1     
---------------------------------------------------------------------------------
Finished RTL Component Statistics 
---------------------------------------------------------------------------------
---------------------------------------------------------------------------------
Start Part Resource Summary
---------------------------------------------------------------------------------
Part Resources:
DSPs: 240 (col length:80)
BRAMs: 270 (col length: RAMB18 80 RAMB36 40)
---------------------------------------------------------------------------------
Finished Part Resource Summary
---------------------------------------------------------------------------------
---------------------------------------------------------------------------------
Start Cross Boundary and Area Optimization
---------------------------------------------------------------------------------
WARNING: [Synth 8-7080] Parallel synthesis criteria is not met
WARNING: [Synth 8-3917] design top has port enable driven by constant 1
WARNING: [Synth 8-7129] Port DM_Addr[1] in module top is either unconnected or has no load
WARNING: [Synth 8-7129] Port DM_Addr[0] in module top is either unconnected or has no load
---------------------------------------------------------------------------------
Finished Cross Boundary and Area Optimization : Time (s): cpu = 00:00:00 ; elapsed = 00:00:13 . Memory (MB): peak = 1962.914 ; gain = 531.688
---------------------------------------------------------------------------------
---------------------------------------------------------------------------------
Start Applying XDC Timing Constraints
---------------------------------------------------------------------------------
---------------------------------------------------------------------------------
Finished Applying XDC Timing Constraints : Time (s): cpu = 00:00:00 ; elapsed = 00:00:17 . Memory (MB): peak = 1962.914 ; gain = 531.688
---------------------------------------------------------------------------------
---------------------------------------------------------------------------------
Start Timing Optimization
---------------------------------------------------------------------------------
---------------------------------------------------------------------------------
Finished Timing Optimization : Time (s): cpu = 00:00:00 ; elapsed = 00:00:17 . Memory (MB): peak = 1962.914 ; gain = 531.688
---------------------------------------------------------------------------------
---------------------------------------------------------------------------------
Start Technology Mapping
---------------------------------------------------------------------------------
---------------------------------------------------------------------------------
Finished Technology Mapping : Time (s): cpu = 00:00:00 ; elapsed = 00:00:17 . Memory (MB): peak = 1962.914 ; gain = 531.688
---------------------------------------------------------------------------------
---------------------------------------------------------------------------------
Start IO Insertion
---------------------------------------------------------------------------------
---------------------------------------------------------------------------------
Start Flattening Before IO Insertion
---------------------------------------------------------------------------------
---------------------------------------------------------------------------------
Finished Flattening Before IO Insertion
---------------------------------------------------------------------------------
---------------------------------------------------------------------------------
Start Final Netlist Cleanup
---------------------------------------------------------------------------------
---------------------------------------------------------------------------------
Finished Final Netlist Cleanup
---------------------------------------------------------------------------------
---------------------------------------------------------------------------------
Finished IO Insertion : Time (s): cpu = 00:00:01 ; elapsed = 00:00:20 . Memory (MB): peak = 1962.914 ; gain = 531.688
---------------------------------------------------------------------------------
---------------------------------------------------------------------------------
Start Renaming Generated Instances
---------------------------------------------------------------------------------
---------------------------------------------------------------------------------
Finished Renaming Generated Instances : Time (s): cpu = 00:00:01 ; elapsed = 00:00:20 . Memory (MB): peak = 1962.914 ; gain = 531.688
---------------------------------------------------------------------------------
---------------------------------------------------------------------------------
Start Rebuilding User Hierarchy
---------------------------------------------------------------------------------
---------------------------------------------------------------------------------
Finished Rebuilding User Hierarchy : Time (s): cpu = 00:00:01 ; elapsed = 00:00:20 . Memory (MB): peak = 1962.914 ; gain = 531.688
---------------------------------------------------------------------------------
---------------------------------------------------------------------------------
Start Renaming Generated Ports
---------------------------------------------------------------------------------
---------------------------------------------------------------------------------
Finished Renaming Generated Ports : Time (s): cpu = 00:00:01 ; elapsed = 00:00:20 . Memory (MB): peak = 1962.914 ; gain = 531.688
---------------------------------------------------------------------------------
---------------------------------------------------------------------------------
Start Handling Custom Attributes
---------------------------------------------------------------------------------
---------------------------------------------------------------------------------
Finished Handling Custom Attributes : Time (s): cpu = 00:00:01 ; elapsed = 00:00:20 . Memory (MB): peak = 1962.914 ; gain = 531.688
---------------------------------------------------------------------------------
---------------------------------------------------------------------------------
Start Renaming Generated Nets
---------------------------------------------------------------------------------
---------------------------------------------------------------------------------
Finished Renaming Generated Nets : Time (s): cpu = 00:00:01 ; elapsed = 00:00:20 . Memory (MB): peak = 1962.914 ; gain = 531.688
---------------------------------------------------------------------------------
---------------------------------------------------------------------------------
Start Writing Synthesis Report
---------------------------------------------------------------------------------

Report BlackBoxes: 
+------+--------------+----------+
|      |BlackBox name |Instances |
+------+--------------+----------+
|1     |RAM_B         |         1|
+------+--------------+----------+

Report Cell Usage: 
+------+------+------+
|      |Cell  |Count |
+------+------+------+
|1     |RAM_B |     1|
|2     |BUFG  |     1|
|3     |LUT1  |     3|
|4     |LUT2  |     5|
|5     |LUT3  |     3|
|6     |LUT4  |     9|
|7     |LUT5  |     2|
|8     |LUT6  |    10|
|9     |MUXF7 |     4|
|10    |FDCE  |    13|
|11    |IBUF  |    12|
|12    |OBUF  |    12|
+------+------+------+
---------------------------------------------------------------------------------
Finished Writing Synthesis Report : Time (s): cpu = 00:00:01 ; elapsed = 00:00:20 . Memory (MB): peak = 1962.914 ; gain = 531.688
---------------------------------------------------------------------------------
Synthesis finished with 0 errors, 0 critical warnings and 4 warnings.
Synthesis Optimization Runtime : Time (s): cpu = 00:00:01 ; elapsed = 00:00:19 . Memory (MB): peak = 1962.914 ; gain = 505.754
Synthesis Optimization Complete : Time (s): cpu = 00:00:01 ; elapsed = 00:00:20 . Memory (MB): peak = 1962.914 ; gain = 531.688
INFO: [Project 1-571] Translating synthesized netlist
Netlist sorting complete. Time (s): cpu = 00:00:00 ; elapsed = 00:00:00.001 . Memory (MB): peak = 1973.715 ; gain = 0.000
INFO: [Netlist 29-17] Analyzing 4 Unisim elements for replacement
INFO: [Netlist 29-28] Unisim Transformation completed in 0 CPU seconds
INFO: [Project 1-570] Preparing netlist for logic optimization
INFO: [Opt 31-138] Pushed 0 inverter(s) to 0 load pin(s).
Netlist sorting complete. Time (s): cpu = 00:00:00 ; elapsed = 00:00:00 . Memory (MB): peak = 1977.406 ; gain = 0.000
INFO: [Project 1-111] Unisim Transformation Summary:
No Unisim elements were transformed.

Synth Design complete, checksum: 43fd6b89
INFO: [Common 17-83] Releasing license: Synthesis
32 Infos, 10 Warnings, 0 Critical Warnings and 0 Errors encountered.
synth_design completed successfully
synth_design: Time (s): cpu = 00:00:01 ; elapsed = 00:00:24 . Memory (MB): peak = 1977.406 ; gain = 941.207
INFO: [Common 17-1381] The checkpoint 'E:/project/xilinx/cunchuqi/project_2.runs/synth_1/top.dcp' has been generated.
INFO: [runtcl-4] Executing : report_utilization -file top_utilization_synth.rpt -pb top_utilization_synth.pb
INFO: [Common 17-206] Exiting Vivado at Thu May 22 20:04:13 2025...
