Vivado Simulator v2022.2
Copyright 1986-1999, 2001-2022 Xilinx, Inc. All Rights Reserved.
Running: E:/app/xilinx/Vivado/2022.2/bin/unwrapped/win64.o/xelab.exe --incr --debug typical --relax --mt 2 -L xil_defaultlib -L blk_mem_gen_v8_4_5 -L unisims_ver -L unimacro_ver -L secureip -L xpm --snapshot TOP_tb_behav xil_defaultlib.TOP_tb xil_defaultlib.glbl -log elaborate.log 
Using 2 slave threads.
Starting static elaboration
Pass Through NonSizing Optimizer
WARNING: [VRFC 10-3091] actual bit length 32 differs from formal bit length 1 for port 'wea' [E:/project/xilinx/实验十CPU10 - f/CPU.srcs/sources_1/new/TOP.v:41]
WARNING: [VRFC 10-3091] actual bit length 4 differs from formal bit length 32 for port 'indata' [E:/project/xilinx/实验十CPU10 - f/CPU.srcs/sources_1/new/ALU_with_register.v:54]
Completed static elaboration
Starting simulation data flow analysis
Completed simulation data flow analysis
Time Resolution for simulation is 1ps
Compiling module xil_defaultlib.PC
Compiling module xil_defaultlib.ADDer
Compiling module blk_mem_gen_v8_4_5.blk_mem_gen_v8_4_5_output_stage(...
Compiling module blk_mem_gen_v8_4_5.blk_mem_gen_v8_4_5_softecc_outpu...
Compiling module blk_mem_gen_v8_4_5.blk_mem_gen_v8_4_5_mem_module(C_...
Compiling module blk_mem_gen_v8_4_5.blk_mem_gen_v8_4_5(C_FAMILY="art...
Compiling module xil_defaultlib.IM
Compiling module xil_defaultlib.IR
Compiling module xil_defaultlib.Decoder
Compiling module xil_defaultlib.ImmU
Compiling module xil_defaultlib.regfile
Compiling module xil_defaultlib.register
Compiling module xil_defaultlib.ALU
Compiling module xil_defaultlib.ALU_with_register
Compiling module xil_defaultlib.ID2
Compiling module xil_defaultlib.CU
Compiling module blk_mem_gen_v8_4_5.blk_mem_gen_v8_4_5_mem_module(C_...
Compiling module blk_mem_gen_v8_4_5.blk_mem_gen_v8_4_5(C_FAMILY="art...
Compiling module xil_defaultlib.DM
Compiling module xil_defaultlib.mux4to1
Compiling module xil_defaultlib.TOP
Compiling module xil_defaultlib.TOP_tb
Compiling module xil_defaultlib.glbl
Built simulation snapshot TOP_tb_behav
